2026-01-19 02:05:26.080 [main] INFO  c.u.fieldwise.FieldWiseApplication - Starting FieldWiseApplication using Java 24.0.1 with PID 1372 (D:\workspace\field-wise\FieldWise\target\classes started by Unnathy in D:\workspace\field-wise\FieldWise)
2026-01-19 02:05:26.084 [main] INFO  c.u.fieldwise.FieldWiseApplication - No active profile set, falling back to 1 default profile: "default"
2026-01-19 02:05:26.444 [background-preinit] INFO  o.h.validator.internal.util.Version - HV000001: Hibernate Validator 9.0.1.Final
2026-01-19 02:05:28.875 [main] INFO  o.s.d.r.c.RepositoryConfigurationDelegate - Bootstrapping Spring Data JPA repositories in DEFAULT mode.
2026-01-19 02:05:29.120 [main] INFO  o.s.d.r.c.RepositoryConfigurationDelegate - Finished Spring Data repository scanning in 237 ms. Found 46 JPA repository interfaces.
2026-01-19 02:05:29.842 [main] INFO  o.s.boot.tomcat.TomcatWebServer - Tomcat initialized with port 8088 (http)
2026-01-19 02:05:29.855 [main] INFO  o.a.coyote.http11.Http11NioProtocol - Initializing ProtocolHandler ["http-nio-0.0.0.0-8088"]
2026-01-19 02:05:29.857 [main] INFO  o.a.catalina.core.StandardService - Starting service [Tomcat]
2026-01-19 02:05:29.857 [main] INFO  o.a.catalina.core.StandardEngine - Starting Servlet engine: [Apache Tomcat/11.0.15]
2026-01-19 02:05:29.928 [main] INFO  o.s.b.w.c.s.WebApplicationContextInitializer - Root WebApplicationContext: initialization completed in 3808 ms
2026-01-19 02:05:30.052 [main] INFO  org.hibernate.orm.jpa - HHH008540: Processing PersistenceUnitInfo [name: default]
2026-01-19 02:05:30.208 [main] INFO  org.hibernate.orm.core - HHH000001: Hibernate ORM core version 7.2.0.Final
2026-01-19 02:05:30.683 [main] INFO  o.s.o.j.p.SpringPersistenceUnitInfo - No LoadTimeWeaver setup: ignoring JPA class transformer
2026-01-19 02:05:30.711 [main] INFO  com.zaxxer.hikari.HikariDataSource - HikariPool-1 - Starting...
2026-01-19 02:05:31.714 [main] INFO  com.zaxxer.hikari.pool.HikariPool - HikariPool-1 - Added connection org.postgresql.jdbc.PgConnection@25502b1c
2026-01-19 02:05:31.715 [main] INFO  com.zaxxer.hikari.HikariDataSource - HikariPool-1 - Start completed.
2026-01-19 02:05:31.820 [main] WARN  org.hibernate.orm.deprecation - HHH90000025: PostgreSQLDialect does not need to be specified explicitly using 'hibernate.dialect' (remove the property setting and it will be selected by default)
2026-01-19 02:05:32.408 [main] INFO  o.hibernate.orm.connections.pooling - HHH10001005: Database info:
	Database JDBC URL [jdbc:postgresql://40.90.168.50:5432/garage?currentSchema=field-wise]
	Database driver: PostgreSQL JDBC Driver
	Database dialect: PostgreSQLDialect
	Database version: 16.2
	Default catalog/schema: garage/field-wise
	Autocommit mode: undefined/unknown
	Isolation level: READ_COMMITTED [default READ_COMMITTED]
	JDBC fetch size: none
	Pool: DataSourceConnectionProvider
	Minimum pool size: undefined/unknown
	Maximum pool size: undefined/unknown
2026-01-19 02:05:34.177 [main] INFO  org.hibernate.orm.core - HHH000489: No JTA platform available (set 'hibernate.transaction.jta.platform' to enable JTA platform integration)
2026-01-19 02:05:34.934 [main] INFO  o.s.o.j.LocalContainerEntityManagerFactoryBean - Initialized JPA EntityManagerFactory for persistence unit 'default'
2026-01-19 02:05:35.004 [main] INFO  o.s.d.j.r.q.QueryEnhancerFactories - Hibernate is in classpath; If applicable, HQL parser will be used.
2026-01-19 02:05:35.211 [main] INFO  o.s.b.web.servlet.RegistrationBean - Filter jwtAuthFilterRegistration was not registered (disabled)
2026-01-19 02:05:35.211 [main] INFO  o.s.b.web.servlet.RegistrationBean - Filter locationFilterRegistration was not registered (disabled)
2026-01-19 02:05:35.457 [main] INFO  c.u.fieldwise.core.OkHttpClientUtil - Configured OkHttpClient with trust-all certificates
2026-01-19 02:05:36.118 [main] WARN  o.s.b.j.a.JpaBaseConfiguration$JpaWebConfiguration - spring.jpa.open-in-view is enabled by default. Therefore, database queries may be performed during view rendering. Explicitly configure spring.jpa.open-in-view to disable this warning
2026-01-19 02:05:36.195 [main] WARN  o.s.b.s.a.UserDetailsServiceAutoConfiguration - 

Using generated security password: 277c3396-568e-4c64-8fae-8ea7fea4588f

This generated password is for development use only. Your security configuration must be updated before running your application in production.

2026-01-19 02:05:36.203 [main] INFO  o.s.s.c.a.a.c.InitializeUserDetailsBeanManagerConfigurer$InitializeUserDetailsManagerConfigurer - Global AuthenticationManager configured with UserDetailsService bean with name inMemoryUserDetailsManager
2026-01-19 02:05:36.962 [main] INFO  o.a.coyote.http11.Http11NioProtocol - Starting ProtocolHandler ["http-nio-0.0.0.0-8088"]
2026-01-19 02:05:36.980 [main] INFO  o.s.boot.tomcat.TomcatWebServer - Tomcat started on port 8088 (http) with context path '/field-wise'
2026-01-19 02:05:36.997 [main] INFO  c.u.fieldwise.FieldWiseApplication - Started FieldWiseApplication in 11.397 seconds (process running for 12.364)
2026-01-19 02:05:37.001 [main] WARN  o.s.c.events.SpringDocAppInitializer - SpringDoc /v3/api-docs endpoint is enabled by default. To disable it in production, set the property 'springdoc.api-docs.enabled=false'
2026-01-19 02:05:37.001 [main] WARN  o.s.c.events.SpringDocAppInitializer - SpringDoc /swagger-ui.html endpoint is enabled by default. To disable it in production, set the property 'springdoc.swagger-ui.enabled=false'
2026-01-19 02:05:38.495 [http-nio-0.0.0.0-8088-exec-1] INFO  o.a.c.c.C.[.[.[/field-wise] - Initializing Spring DispatcherServlet 'dispatcherServlet'
2026-01-19 02:05:38.495 [http-nio-0.0.0.0-8088-exec-1] INFO  o.s.web.servlet.DispatcherServlet - Initializing Servlet 'dispatcherServlet'
2026-01-19 02:05:38.498 [http-nio-0.0.0.0-8088-exec-1] INFO  o.s.web.servlet.DispatcherServlet - Completed initialization in 2 ms
2026-01-19 02:05:38.520 [http-nio-0.0.0.0-8088-exec-2] WARN  o.s.w.s.h.HandlerMappingIntrospector - Cache miss for REQUEST dispatch to '/field-wise/api/orderItems/view/order/18' (previous null). Performing CorsConfiguration lookup. This is logged once only at WARN level, and every time at TRACE.
2026-01-19 02:05:53.588 [http-nio-0.0.0.0-8088-exec-3] INFO  o.s.api.AbstractOpenApiResource - Init duration for springdoc-openapi is: 956 ms
